<?xml version="1.0" encoding="UTF-8" ?>
<testsuite tests="4" failures="0" name="dao.CourseManagerTest" time="2.023" errors="0" skipped="0">
  <properties>
    <property name="java.runtime.name" value="Java(TM) SE Runtime Environment"/>
    <property name="sun.boot.library.path" value="C:\PROGRA~2\Java\JDK18~1.0_1\jre\bin"/>
    <property name="java.vm.version" value="25.181-b13"/>
    <property name="java.vm.vendor" value="Oracle Corporation"/>
    <property name="maven.multiModuleProjectDirectory" value="D:\GitLab_CSIE\SoftwareAchitecture"/>
    <property name="java.vendor.url" value="http://java.oracle.com/"/>
    <property name="path.separator" value=";"/>
    <property name="guice.disable.misplaced.annotation.check" value="true"/>
    <property name="java.vm.name" value="Java HotSpot(TM) Client VM"/>
    <property name="file.encoding.pkg" value="sun.io"/>
    <property name="user.script" value=""/>
    <property name="user.country" value="TW"/>
    <property name="sun.java.launcher" value="SUN_STANDARD"/>
    <property name="sun.os.patch.level" value=""/>
    <property name="java.vm.specification.name" value="Java Virtual Machine Specification"/>
    <property name="user.dir" value="D:\GitLab_CSIE\SoftwareAchitecture"/>
    <property name="java.runtime.version" value="1.8.0_181-b13"/>
    <property name="java.awt.graphicsenv" value="sun.awt.Win32GraphicsEnvironment"/>
    <property name="java.endorsed.dirs" value="C:\PROGRA~2\Java\JDK18~1.0_1\jre\lib\endorsed"/>
    <property name="os.arch" value="x86"/>
    <property name="java.io.tmpdir" value="C:\Users\TonyLin\AppData\Local\Temp\"/>
    <property name="line.separator" value="
"/>
    <property name="java.vm.specification.vendor" value="Oracle Corporation"/>
    <property name="user.variant" value=""/>
    <property name="os.name" value="Windows 10"/>
    <property name="classworlds.conf" value="C:\Program Files (x86)\apache-maven-3.5.4\bin\..\bin\m2.conf"/>
    <property name="sun.jnu.encoding" value="MS950"/>
    <property name="java.library.path" value="C:\PROGRA~2\Java\JDK18~1.0_1\bin;C:\WINDOWS\Sun\Java\bin;C:\WINDOWS\system32;C:\WINDOWS;C:\ProgramData\Oracle\Java\javapath;C:\WINDOWS\system32;C:\WINDOWS;C:\WINDOWS\System32\Wbem;C:\WINDOWS\System32\WindowsPowerShell\v1.0\;C:\WINDOWS\System32\OpenSSH\;C:\Program Files\Git\cmd;C:\Python27;C:\Python27\Scripts;C:\Python37;C:\Python37\Scripts;C:\Program Files\nodejs\;C:\Program Files (x86)\apache-maven-3.5.4\bin;C:\PROGRA~2\Java\JDK18~1.0_1\bin;C:\Program Files\MongoDB\Server\4.0\bin;F:\selenium-java-3.9.1\libs;F:\selenium-server-3.9.1\libs;F:\apache-maven-3.5.4\bin;F:\GnuPG\bin;C:\MinGW\bin;C:\Program Files (x86)\Mercurial\;C:\Program Files\LLVM\bin;C:\Users\TonyLin\.cargo\bin;C:\gradle-5.2.1\bin;F:\sqlite-tools;C:\Users\TonyLin\.cargo\bin;C:\Python37\Scripts\;C:\Python37\;C:\Users\TonyLin\AppData\Local\Programs\Python\Python37-32\Scripts\;C:\Users\TonyLin\AppData\Local\Programs\Python\Python37-32\;C:\Users\TonyLin\AppData\Local\Microsoft\WindowsApps;F:\Microsoft VS Code\bin;C:\Users\TonyLin\AppData\Roaming\npm;;."/>
    <property name="maven.conf" value="C:\Program Files (x86)\apache-maven-3.5.4\bin\../conf"/>
    <property name="java.specification.name" value="Java Platform API Specification"/>
    <property name="java.class.version" value="52.0"/>
    <property name="sun.management.compiler" value="HotSpot Client Compiler"/>
    <property name="os.version" value="10.0"/>
    <property name="library.jansi.path" value="C:\Program Files (x86)\apache-maven-3.5.4\bin\..\lib\jansi-native"/>
    <property name="user.home" value="C:\Users\TonyLin"/>
    <property name="user.timezone" value="Asia/Taipei"/>
    <property name="java.awt.printerjob" value="sun.awt.windows.WPrinterJob"/>
    <property name="java.specification.version" value="1.8"/>
    <property name="file.encoding" value="MS950"/>
    <property name="user.name" value="TonyLin"/>
    <property name="java.class.path" value="C:\Program Files (x86)\apache-maven-3.5.4\bin\..\boot\plexus-classworlds-2.5.2.jar"/>
    <property name="java.vm.specification.version" value="1.8"/>
    <property name="sun.arch.data.model" value="32"/>
    <property name="java.home" value="C:\PROGRA~2\Java\JDK18~1.0_1\jre"/>
    <property name="sun.java.command" value="org.codehaus.plexus.classworlds.launcher.Launcher clean install"/>
    <property name="java.specification.vendor" value="Oracle Corporation"/>
    <property name="user.language" value="zh"/>
    <property name="awt.toolkit" value="sun.awt.windows.WToolkit"/>
    <property name="java.vm.info" value="mixed mode"/>
    <property name="java.version" value="1.8.0_181"/>
    <property name="java.ext.dirs" value="C:\PROGRA~2\Java\JDK18~1.0_1\jre\lib\ext;C:\WINDOWS\Sun\Java\lib\ext"/>
    <property name="sun.boot.class.path" value="C:\PROGRA~2\Java\JDK18~1.0_1\jre\lib\resources.jar;C:\PROGRA~2\Java\JDK18~1.0_1\jre\lib\rt.jar;C:\PROGRA~2\Java\JDK18~1.0_1\jre\lib\sunrsasign.jar;C:\PROGRA~2\Java\JDK18~1.0_1\jre\lib\jsse.jar;C:\PROGRA~2\Java\JDK18~1.0_1\jre\lib\jce.jar;C:\PROGRA~2\Java\JDK18~1.0_1\jre\lib\charsets.jar;C:\PROGRA~2\Java\JDK18~1.0_1\jre\lib\jfr.jar;C:\PROGRA~2\Java\JDK18~1.0_1\jre\classes"/>
    <property name="sun.stderr.encoding" value="ms950"/>
    <property name="java.vendor" value="Oracle Corporation"/>
    <property name="maven.home" value="C:\Program Files (x86)\apache-maven-3.5.4\bin\.."/>
    <property name="file.separator" value="\"/>
    <property name="java.vendor.url.bug" value="http://bugreport.sun.com/bugreport/"/>
    <property name="sun.cpu.endian" value="little"/>
    <property name="sun.io.unicode.encoding" value="UnicodeLittle"/>
    <property name="sun.stdout.encoding" value="ms950"/>
    <property name="sun.desktop" value="windows"/>
    <property name="sun.cpu.isalist" value="pentium_pro+mmx pentium_pro pentium+mmx pentium i486 i386 i86"/>
  </properties>
  <testcase classname="dao.CourseManagerTest" name="deleteCourse" time="0.775"/>
  <testcase classname="dao.CourseManagerTest" name="addCourse" time="0.439"/>
  <testcase classname="dao.CourseManagerTest" name="getCourseListTest" time="0.391"/>
  <testcase classname="dao.CourseManagerTest" name="updateCourseTest" time="0.418"/>
</testsuite>